<?xml version="1.0" encoding="UTF-8"?>
<testng-results skipped="0" failed="0" total="5" passed="5">
  <reporter-output>
  </reporter-output>
  <suite name="Default suite" duration-ms="6653" started-at="2018-12-14T23:15:26Z" finished-at="2018-12-14T23:15:33Z">
    <groups>
    </groups>
    <test name="Default test" duration-ms="6653" started-at="2018-12-14T23:15:26Z" finished-at="2018-12-14T23:15:33Z">
      <class name="com.demo.rentalCarsAssignment.CarCompanyTest">
        <test-method status="PASS" signature="blueTeslaNegativeTest1()" name="blueTeslaNegativeTest1" duration-ms="6134" started-at="2018-12-14T23:15:26Z" finished-at="2018-12-14T23:15:32Z">
        </test-method>
        <test-method status="PASS" signature="blueTeslaPositiveTest1()" name="blueTeslaPositiveTest1" duration-ms="85" started-at="2018-12-14T23:15:32Z" finished-at="2018-12-14T23:15:33Z">
        </test-method>
        <test-method status="PASS" signature="highestRevenueCarTest1()" name="highestRevenueCarTest1" duration-ms="77" started-at="2018-12-14T23:15:33Z" finished-at="2018-12-14T23:15:33Z">
        </test-method>
        <test-method status="PASS" signature="lowestPriceTest1()" name="lowestPriceTest1" duration-ms="69" started-at="2018-12-14T23:15:33Z" finished-at="2018-12-14T23:15:33Z">
        </test-method>
        <test-method status="PASS" signature="lowestPriceWithDiscountTest1()" name="lowestPriceWithDiscountTest1" duration-ms="97" started-at="2018-12-14T23:15:33Z" finished-at="2018-12-14T23:15:33Z">
        </test-method>
      </class>
    </test>
  </suite>
</testng-results>
